{"/home/fito/dev/JS/inverso/inverso.js": {"path":"/home/fito/dev/JS/inverso/inverso.js","all":false,"statementMap":{"0":{"start":{"line":1,"column":0},"end":{"line":1,"column":26}},"1":{"start":{"line":2,"column":0},"end":{"line":2,"column":33}},"2":{"start":{"line":3,"column":0},"end":{"line":3,"column":31}},"3":{"start":{"line":4,"column":0},"end":{"line":4,"column":0}},"4":{"start":{"line":5,"column":0},"end":{"line":5,"column":35}},"5":{"start":{"line":6,"column":0},"end":{"line":6,"column":25}},"6":{"start":{"line":7,"column":0},"end":{"line":7,"column":26}},"7":{"start":{"line":8,"column":0},"end":{"line":8,"column":32}},"8":{"start":{"line":9,"column":0},"end":{"line":9,"column":40}},"9":{"start":{"line":10,"column":0},"end":{"line":10,"column":40}},"10":{"start":{"line":11,"column":0},"end":{"line":11,"column":18}},"11":{"start":{"line":12,"column":0},"end":{"line":12,"column":36}},"12":{"start":{"line":13,"column":0},"end":{"line":13,"column":13}},"13":{"start":{"line":14,"column":0},"end":{"line":14,"column":10}},"14":{"start":{"line":15,"column":0},"end":{"line":15,"column":39}},"15":{"start":{"line":16,"column":0},"end":{"line":16,"column":41}},"16":{"start":{"line":17,"column":0},"end":{"line":17,"column":41}},"17":{"start":{"line":18,"column":0},"end":{"line":18,"column":29}},"18":{"start":{"line":19,"column":0},"end":{"line":19,"column":21}},"19":{"start":{"line":20,"column":0},"end":{"line":20,"column":11}},"20":{"start":{"line":21,"column":0},"end":{"line":21,"column":20}},"21":{"start":{"line":22,"column":0},"end":{"line":22,"column":5}},"22":{"start":{"line":23,"column":0},"end":{"line":23,"column":1}},"23":{"start":{"line":24,"column":0},"end":{"line":24,"column":0}},"24":{"start":{"line":25,"column":0},"end":{"line":25,"column":25}}},"s":{"0":6,"1":6,"2":6,"3":4,"4":4,"5":4,"6":4,"7":4,"8":25,"9":12,"10":25,"11":13,"12":13,"13":4,"14":4,"15":4,"16":4,"17":4,"18":4,"19":6,"20":1,"21":1,"22":6,"23":1,"24":1},"branchMap":{"0":{"type":"branch","line":1,"loc":{"start":{"line":1,"column":0},"end":{"line":23,"column":1}},"locations":[{"start":{"line":1,"column":0},"end":{"line":23,"column":1}}]},"1":{"type":"branch","line":2,"loc":{"start":{"line":2,"column":24},"end":{"line":2,"column":33}},"locations":[{"start":{"line":2,"column":24},"end":{"line":2,"column":33}}]},"2":{"type":"branch","line":3,"loc":{"start":{"line":3,"column":-1},"end":{"line":3,"column":30}},"locations":[{"start":{"line":3,"column":-1},"end":{"line":3,"column":30}}]},"3":{"type":"branch","line":3,"loc":{"start":{"line":3,"column":30},"end":{"line":20,"column":5}},"locations":[{"start":{"line":3,"column":30},"end":{"line":20,"column":5}}]},"4":{"type":"branch","line":20,"loc":{"start":{"line":20,"column":5},"end":{"line":22,"column":5}},"locations":[{"start":{"line":20,"column":5},"end":{"line":22,"column":5}}]},"5":{"type":"branch","line":8,"loc":{"start":{"line":8,"column":20},"end":{"line":14,"column":9}},"locations":[{"start":{"line":8,"column":20},"end":{"line":14,"column":9}}]},"6":{"type":"branch","line":9,"loc":{"start":{"line":9,"column":39},"end":{"line":11,"column":13}},"locations":[{"start":{"line":9,"column":39},"end":{"line":11,"column":13}}]},"7":{"type":"branch","line":11,"loc":{"start":{"line":11,"column":13},"end":{"line":13,"column":13}},"locations":[{"start":{"line":11,"column":13},"end":{"line":13,"column":13}}]}},"b":{"0":[6],"1":[1],"2":[5],"3":[4],"4":[1],"5":[25],"6":[12],"7":[13]},"fnMap":{"0":{"name":"invertir","decl":{"start":{"line":1,"column":0},"end":{"line":23,"column":1}},"loc":{"start":{"line":1,"column":0},"end":{"line":23,"column":1}},"line":1}},"f":{"0":6}}
}
